\BOOKMARK [0][-]{chapter.1}{\376\377\000W\000s\000t\001\031\000p}{}% 1
\BOOKMARK [1][-]{section.1.1}{\376\377\000C\000e\000l\000\040\000i\000\040\000z\000a\000k\000r\000e\000s\000\040\000p\000r\000a\000c\000y}{chapter.1}% 2
\BOOKMARK [1][-]{section.1.2}{\376\377\000A\000s\000p\000e\000k\000t\000\040\000s\000y\000s\000t\000e\000m\000o\000w\000y}{chapter.1}% 3
\BOOKMARK [1][-]{section.1.3}{\376\377\000U\000k\001\102\000a\000d\000\040\000p\000r\000a\000c\000y}{chapter.1}% 4
\BOOKMARK [0][-]{chapter.2}{\376\377\000P\000o\000w\000i\001\005\000z\000a\000n\000e\000\040\000p\000r\000a\000c\000e}{}% 5
\BOOKMARK [1][-]{section.2.1}{\376\377\000I\000n\000s\000p\000i\000r\000a\000c\000j\000a\000\040\000p\000o\000d\000e\000j\001\133\000c\000i\000e\000m\000\040\000i\000t\000e\000r\000a\000c\000y\000j\000n\000y\000m}{chapter.2}% 6
\BOOKMARK [2][-]{subsection.2.1.1}{\376\377\000D\000e\000f\000i\000n\000i\000c\000j\000a\000\040\000p\000r\000o\000b\000l\000e\000m\000u\000\040\000h\000a\000r\000m\000o\000n\000o\000g\000r\000a\000m\000o\000w\000a\000n\000i\000a}{section.2.1}% 7
\BOOKMARK [1][-]{section.2.2}{\376\377\000P\000r\000o\000b\000l\000e\000m\000\040\000h\000a\000r\000m\000o\000n\000o\000g\000r\000a\000m\000o\000w\000a\000n\000i\000a\000\040\000z\000a\000d\000a\001\104\000\040\000t\000y\000p\000u\000\040\000j\000o\000b\000-\000s\000h\000o\000p}{chapter.2}% 8
\BOOKMARK [2][-]{subsection.2.2.1}{\376\377\000P\000o\000d\000o\000b\000i\000e\001\104\000s\000t\000w\000a\000\040\000d\000o\000\040\000p\000r\000o\000b\000l\000e\000m\000u\000\040\000u\000k\001\102\000a\000d\000a\000n\000i\000a\000\040\000p\000l\000a\000n\000u\000\040\000l\000e\000k\000c\000j\000i}{section.2.2}% 9
\BOOKMARK [1][-]{section.2.3}{\376\377\000I\000s\000t\000n\000i\000e\000j\001\005\000c\000e\000\040\000k\000o\000m\000p\000l\000e\000k\000s\000o\000w\000e\000\040\000r\000o\000z\000w\000i\001\005\000z\000a\000n\000i\000a}{chapter.2}% 10
\BOOKMARK [2][-]{subsection.2.3.1}{\376\377\000P\000l\000a\000n\000\040\000l\000e\000k\000c\000j\000i\000\040\000O\000p\000t\000i\000v\000u\000m}{section.2.3}% 11
\BOOKMARK [0][-]{chapter.3}{\376\377\000P\000r\000o\000b\000l\000e\000m\000\040\000u\000k\001\102\000a\000d\000a\000n\000i\000a\000\040\000p\000l\000a\000n\000u\000\040\000l\000e\000k\000c\000j\000i\000\040\000i\000\040\000a\000l\000g\000o\000r\000y\000t\000m\000\040\000j\000e\000g\000o\000\040\000r\000o\000z\000w\000i\001\005\000z\000a\000n\000i\000a}{}% 12
\BOOKMARK [1][-]{section.3.1}{\376\377\000S\000f\000o\000r\000m\000u\001\102\000o\000w\000a\000n\000i\000e\000\040\000p\000r\000o\000b\000l\000e\000m\000u\000\040\000o\000p\000t\000y\000m\000a\000l\000i\000z\000a\000c\000y\000j\000n\000e\000g\000o}{chapter.3}% 13
\BOOKMARK [2][-]{subsection.3.1.1}{\376\377\000D\000a\000n\000e\000\040\000i\000\040\000s\000z\000u\000k\000a\000n\000e}{section.3.1}% 14
\BOOKMARK [2][-]{subsection.3.1.2}{\376\377\000O\000g\000r\000a\000n\000i\000c\000z\000e\000n\000i\000a}{section.3.1}% 15
\BOOKMARK [2][-]{subsection.3.1.3}{\376\377\000F\000u\000n\000k\000c\000j\000a\000\040\000c\000e\000l\000u}{section.3.1}% 16
\BOOKMARK [1][-]{section.3.2}{\376\377\000P\000o\000p\000r\000z\000e\000d\000n\000i\000e\000\040\000p\000o\000d\000e\000j\001\133\000c\000i\000a}{chapter.3}% 17
\BOOKMARK [2][-]{subsection.3.2.1}{\376\377\000P\000r\000o\000g\000r\000a\000m\000o\000w\000a\000n\000i\000e\000\040\000m\000i\000e\000s\000z\000a\000n\000o\000c\000a\001\102\000k\000o\000w\000i\000t\000o\000l\000i\000c\000z\000b\000o\000w\000e}{section.3.2}% 18
\BOOKMARK [2][-]{subsection.3.2.2}{\376\377\000G\000r\000a\000f\000o\000w\000e\000\040\000s\000i\000e\000c\000i\000\040\000n\000e\000u\000r\000o\000n\000o\000w\000e}{section.3.2}% 19
\BOOKMARK [1][-]{section.3.3}{\376\377\000D\000e\000k\000o\000m\000p\000o\000z\000y\000c\000j\000a\000\040\000p\000r\000o\000b\000l\000e\000m\000u\000\040\000i\000\040\000w\000y\000b\000\363\000r\000\040\000t\000e\000c\000h\000n\000i\000k}{chapter.3}% 20
\BOOKMARK [2][-]{subsection.3.3.1}{\376\377\000P\000r\000o\000b\000l\000e\000m\000\040\000g\000r\000u\000p\000o\000w\000a\000n\000i\000a}{section.3.3}% 21
\BOOKMARK [2][-]{subsection.3.3.2}{\376\377\000P\000r\000o\000b\000l\000e\000m\000\040\000a\000l\000o\000k\000a\000c\000j\000i}{section.3.3}% 22
\BOOKMARK [2][-]{subsection.3.3.3}{\376\377\000P\000r\000o\000b\000l\000e\000m\000\040\000h\000a\000r\000m\000o\000n\000o\000g\000r\000a\000m\000o\000w\000a\000n\000i\000a}{section.3.3}% 23
\BOOKMARK [1][-]{section.3.4}{\376\377\000A\000l\000g\000o\000r\000y\000t\000m\000\040\000z\000a\000c\000h\001\102\000a\000n\000n\000y}{chapter.3}% 24
\BOOKMARK [2][-]{subsection.3.4.1}{\376\377\000D\000z\000i\000a\001\102\000a\000n\000i\000e}{section.3.4}% 25
\BOOKMARK [2][-]{subsection.3.4.2}{\376\377\000P\000r\000z\000y\000k\001\102\000a\000d\000o\000w\000y\000\040\000w\000y\000n\000i\000k}{section.3.4}% 26
\BOOKMARK [1][-]{section.3.5}{\376\377\000A\000l\000g\000o\000r\000y\000t\000m\000\040\000e\000w\000o\000l\000u\000c\000y\000j\000n\000y}{chapter.3}% 27
\BOOKMARK [2][-]{subsection.3.5.1}{\376\377\000K\000o\000d\000o\000w\000a\000n\000i\000e\000\040\000i\000\040\000o\000g\000r\000a\000n\000i\000c\000z\000e\000n\000i\000a\000\040\000t\000w\000a\000r\000d\000e}{section.3.5}% 28
\BOOKMARK [2][-]{subsection.3.5.2}{\376\377\000G\000e\000n\000e\000r\000o\000w\000a\000n\000i\000e\000\040\000p\000o\000p\000u\000l\000a\000c\000j\000i\000\040\000p\000o\000c\000z\001\005\000t\000k\000o\000w\000e\000j}{section.3.5}% 29
\BOOKMARK [2][-]{subsection.3.5.3}{\376\377\000P\000r\000z\000y\000s\000t\000o\000s\000o\000w\000a\000n\000i\000e}{section.3.5}% 30
\BOOKMARK [2][-]{subsection.3.5.4}{\376\377\000S\000e\000l\000e\000k\000c\000j\000a}{section.3.5}% 31
\BOOKMARK [2][-]{subsection.3.5.5}{\376\377\000K\000r\000z\000y\001\174\000o\000w\000a\000n\000i\000e}{section.3.5}% 32
\BOOKMARK [2][-]{subsection.3.5.6}{\376\377\000M\000u\000t\000a\000c\000j\000a}{section.3.5}% 33
\BOOKMARK [2][-]{subsection.3.5.7}{\376\377\000P\000r\000z\000y\000k\001\102\000a\000d\000o\000w\000y\000\040\000w\000y\000n\000i\000k}{section.3.5}% 34
\BOOKMARK [1][-]{section.3.6}{\376\377\000S\000o\000l\000v\000e\000r\000\040\000p\000r\000o\000g\000r\000a\000m\000o\000w\000a\000n\000i\000a\000\040\000l\000i\000n\000i\000o\000w\000e\000g\000o\000\040\000z\000\040\000o\000g\000r\000a\000n\000i\000c\000z\000e\000n\000i\000a\000m\000i}{chapter.3}% 35
\BOOKMARK [2][-]{subsection.3.6.1}{\376\377\000Z\000m\000i\000e\000n\000n\000e\000\040\000d\000e\000c\000y\000z\000y\000j\000n\000e}{section.3.6}% 36
\BOOKMARK [2][-]{subsection.3.6.2}{\376\377\000O\000g\000r\000a\000n\000i\000c\000z\000e\000n\000i\000a}{section.3.6}% 37
\BOOKMARK [2][-]{subsection.3.6.3}{\376\377\000F\000u\000n\000k\000c\000j\000a\000\040\000c\000e\000l\000u}{section.3.6}% 38
\BOOKMARK [2][-]{subsection.3.6.4}{\376\377\000T\000r\000a\000n\000s\000f\000o\000r\000m\000a\000c\000j\000a\000\040\000p\000r\000z\000e\000d\000z\000i\000a\001\102\000\363\000w\000\040\000n\000a\000\040\000p\000r\000z\000y\000p\000i\000s\000a\000n\000i\000a\000\040\000k\000o\001\104\000c\000o\000w\000e}{section.3.6}% 39
\BOOKMARK [2][-]{subsection.3.6.5}{\376\377\000P\000r\000z\000y\000k\001\102\000a\000d\000o\000w\000y\000\040\000w\000y\000n\000i\000k}{section.3.6}% 40
\BOOKMARK [0][-]{chapter.4}{\376\377\000A\000p\000l\000i\000k\000a\000c\000j\000a}{}% 41
\BOOKMARK [1][-]{section.4.1}{\376\377\000S\000p\000e\000c\000y\000f\000i\000k\000a\000c\000j\000a\000\040\000w\000y\000m\000a\000g\000a\001\104}{chapter.4}% 42
\BOOKMARK [2][-]{subsection.4.1.1}{\376\377\000W\000y\000m\000a\000g\000a\000n\000i\000a\000\040\000f\000u\000n\000k\000c\000j\000o\000n\000a\000l\000n\000e}{section.4.1}% 43
\BOOKMARK [2][-]{subsection.4.1.2}{\376\377\000W\000y\000m\000a\000g\000a\000n\000i\000a\000\040\000n\000i\000e\000f\000u\000n\000k\000c\000j\000o\000n\000a\000l\000n\000e}{section.4.1}% 44
\BOOKMARK [2][-]{subsection.4.1.3}{\376\377\000P\000r\000z\000y\000p\000a\000d\000k\000i\000\040\000u\001\174\000y\000c\000i\000a}{section.4.1}% 45
\BOOKMARK [2][-]{subsection.4.1.4}{\376\377\000D\000i\000a\000g\000r\000a\000m\000y\000\040\000s\000e\000k\000w\000e\000n\000c\000j\000i}{section.4.1}% 46
\BOOKMARK [1][-]{section.4.2}{\376\377\000P\000r\000o\000j\000e\000k\000t}{chapter.4}% 47
\BOOKMARK [2][-]{subsection.4.2.1}{\376\377\000A\000r\000c\000h\000i\000t\000e\000k\000t\000u\000r\000a\000\040\000a\000p\000l\000i\000k\000a\000c\000j\000i}{section.4.2}% 48
\BOOKMARK [2][-]{subsection.4.2.2}{\376\377\000P\000r\000o\000j\000e\000k\000t\000\040\000s\000t\000r\000u\000k\000t\000u\000r\000y\000\040\000b\000a\000z\000y\000\040\000d\000a\000n\000y\000c\000h}{section.4.2}% 49
\BOOKMARK [2][-]{subsection.4.2.3}{\376\377\000P\000r\000o\000j\000e\000k\000t\000\040\000i\000n\000t\000e\000r\000f\000e\000j\000s\000u}{section.4.2}% 50
\BOOKMARK [1][-]{section.4.3}{\376\377\000I\000m\000p\000l\000e\000m\000e\000n\000t\000a\000c\000j\000a}{chapter.4}% 51
\BOOKMARK [2][-]{subsection.4.3.1}{\376\377\000W\000y\000b\000\363\000r\000\040\000n\000a\000r\000z\001\031\000d\000z\000i}{section.4.3}% 52
\BOOKMARK [2][-]{subsection.4.3.2}{\376\377\000I\000m\000p\000l\000e\000m\000e\000n\000t\000a\000c\000j\000a\000\040\000b\000a\000z\000y\000\040\000d\000a\000n\000y\000c\000h\000\040\000w\000\040\000D\000j\000a\000n\000g\000o}{section.4.3}% 53
\BOOKMARK [2][-]{subsection.4.3.3}{\376\377\000I\000m\000p\000l\000e\000m\000e\000n\000t\000a\000c\000j\000a\000\040\000A\000P\000I}{section.4.3}% 54
\BOOKMARK [2][-]{subsection.4.3.4}{\376\377\000I\000m\000p\000l\000e\000m\000e\000n\000t\000a\000c\000j\000a\000\040\000i\000n\000t\000e\000r\000f\000e\000j\000s\000u\000\040\000w\000e\000b\000o\000w\000e\000g\000o}{section.4.3}% 55
\BOOKMARK [2][-]{subsection.4.3.5}{\376\377\000I\000n\000t\000e\000g\000r\000a\000c\000j\000a\000\040\000z\000\040\000a\000l\000g\000o\000r\000y\000t\000m\000e\000m}{section.4.3}% 56
\BOOKMARK [0][-]{chapter.5}{\376\377\000W\000e\000r\000y\000f\000i\000k\000a\000c\000j\000a\000\040\000i\000\040\000w\000a\000l\000i\000d\000a\000c\000j\000a\000\040\000r\000o\000z\000w\000i\001\005\000z\000a\000n\000i\000a}{}% 57
\BOOKMARK [1][-]{section.5.1}{\376\377\000S\000c\000e\000n\000a\000r\000i\000u\000s\000z\000e\000\040\000t\000e\000s\000t\000o\000w\000e}{chapter.5}% 58
\BOOKMARK [2][-]{subsection.5.1.1}{\376\377\000S\000c\000e\000n\000a\000r\000i\000u\000s\000z\000\040\000t\000e\000s\000t\000o\000w\000y\000\040\000g\000e\000n\000e\000r\000o\000w\000a\000n\000i\000a\000\040\000p\000l\000a\000n\000u\000\040\000l\000e\000k\000c\000j\000i\000\040\000z\000\040\000o\000k\000r\000e\001\133\000l\000o\000n\000y\000m\000i\000\040\000p\000a\000r\000a\000m\000e\000t\000r\000a\000m\000i}{section.5.1}% 59
\BOOKMARK [2][-]{subsection.5.1.2}{\376\377\000S\000c\000e\000n\000a\000r\000i\000u\000s\000z\000\040\000p\000r\000z\000e\000g\000l\001\005\000d\000u\000\040\000p\000l\000a\000n\000\363\000w\000\040\000l\000e\000k\000c\000j\000i}{section.5.1}% 60
\BOOKMARK [2][-]{subsection.5.1.3}{\376\377\000S\000c\000e\000n\000a\000r\000i\000u\000s\000z\000\040\000i\000m\000p\000o\000r\000t\000o\000w\000a\000n\000i\000a\000\040\000i\000\040\000e\000d\000y\000t\000o\000w\000a\000n\000i\000a\000\040\000w\000y\000m\000a\000g\000a\001\104\000\040\000g\001\102\000\363\000w\000n\000y\000c\000h}{section.5.1}% 61
\BOOKMARK [2][-]{subsection.5.1.4}{\376\377\000S\000c\000e\000n\000a\000r\000i\000u\000s\000z\000\040\000e\000d\000y\000t\000o\000w\000a\000n\000i\000a\000\040\000d\000o\000s\000t\001\031\000p\000n\000o\001\133\000c\000i\000\040\000n\000a\000u\000c\000z\000y\000c\000i\000e\000l\000i}{section.5.1}% 62
\BOOKMARK [1][-]{section.5.2}{\376\377\000T\000e\000s\000t\000o\000w\000a\000n\000i\000e\000\040\000a\000p\000l\000i\000k\000a\000c\000j\000i}{chapter.5}% 63
\BOOKMARK [2][-]{subsection.5.2.1}{\376\377\000T\000e\000s\000t\000\040\000g\000e\000n\000e\000r\000o\000w\000a\000n\000i\000a\000\040\000p\000l\000a\000n\000u\000\040\000l\000e\000k\000c\000j\000i\000\040\000z\000\040\000o\000k\000r\000e\001\133\000l\000o\000n\000y\000m\000i\000\040\000p\000a\000r\000a\000m\000e\000t\000r\000a\000m\000i}{section.5.2}% 64
\BOOKMARK [2][-]{subsection.5.2.2}{\376\377\000T\000e\000s\000t\000\040\000p\000r\000z\000e\000g\000l\001\005\000d\000a\000n\000i\000a\000\040\000p\000l\000a\000n\000\363\000w\000\040\000l\000e\000k\000c\000j\000i}{section.5.2}% 65
\BOOKMARK [2][-]{subsection.5.2.3}{\376\377\000T\000e\000s\000t\000\040\000i\000m\000p\000o\000r\000t\000o\000w\000a\000n\000i\000a\000\040\000i\000\040\000e\000d\000y\000t\000o\000w\000a\000n\000i\000a\000\040\000w\000y\000m\000a\000g\000a\001\104\000\040\000g\001\102\000\363\000w\000n\000y\000c\000h}{section.5.2}% 66
\BOOKMARK [2][-]{subsection.5.2.4}{\376\377\000T\000e\000s\000t\000\040\000e\000d\000y\000t\000o\000w\000a\000n\000i\000a\000\040\000d\000o\000s\000t\001\031\000p\000n\000o\001\133\000c\000i\000\040\000n\000a\000u\000c\000z\000y\000c\000i\000e\000l\000i}{section.5.2}% 67
\BOOKMARK [1][-]{section.5.3}{\376\377\000A\000n\000a\000l\000i\000z\000a\000\040\000j\000a\000k\000o\001\133\000c\000i\000\040\000w\000y\000n\000i\000k\000\363\000w\000\040\000g\000e\000n\000e\000r\000o\000w\000a\000n\000i\000a\000\040\000p\000l\000a\000n\000u\000\040\000l\000e\000k\000c\000j\000i}{chapter.5}% 68
\BOOKMARK [0][-]{chapter.6}{\376\377\000W\000n\000i\000o\000s\000k\000i\000\040\000i\000\040\000p\000e\000r\000s\000p\000e\000k\000t\000y\000w\000y\000\040\000r\000o\000z\000w\000o\000j\000u}{}% 69
\BOOKMARK [1][-]{section.6.1}{\376\377\000P\000r\000o\000b\000l\000e\000m\000y\000\040\000r\000o\000z\000w\000i\001\005\000z\000a\000n\000i\000a}{chapter.6}% 70
\BOOKMARK [1][-]{section.6.2}{\376\377\000P\000e\000r\000s\000p\000e\000k\000t\000y\000w\000y\000\040\000r\000o\000z\000w\000o\000j\000u}{chapter.6}% 71
\BOOKMARK [1][-]{section.6.3}{\376\377\000W\000n\000i\000o\000s\000k\000i}{chapter.6}% 72
